TN:
SF:src\utils\validations.js
FN:7,firstName
FN:39,verifyStockAvailability
FN:74,calculateTotalPrice
FNF:3
FNH:3
FNDA:2,firstName
FNDA:6,verifyStockAvailability
FNDA:5,calculateTotalPrice
DA:1,1
DA:2,1
DA:3,1
DA:4,1
DA:5,1
DA:6,1
DA:7,2
DA:8,2
DA:9,2
DA:10,2
DA:11,2
DA:12,1
DA:13,2
DA:14,1
DA:15,1
DA:16,1
DA:17,1
DA:18,1
DA:19,1
DA:20,1
DA:21,1
DA:22,1
DA:23,1
DA:24,1
DA:25,1
DA:26,1
DA:27,1
DA:28,1
DA:29,1
DA:30,1
DA:31,1
DA:32,1
DA:33,1
DA:34,1
DA:35,1
DA:36,1
DA:37,1
DA:38,1
DA:39,6
DA:40,6
DA:41,6
DA:42,6
DA:43,6
DA:44,6
DA:45,6
DA:46,6
DA:47,6
DA:48,6
DA:49,4
DA:50,4
DA:51,4
DA:52,4
DA:53,6
DA:54,0
DA:55,0
DA:56,6
DA:57,6
DA:58,6
DA:59,1
DA:60,1
DA:61,1
DA:62,1
DA:63,1
DA:64,1
DA:65,1
DA:66,1
DA:67,1
DA:68,1
DA:69,1
DA:70,1
DA:71,1
DA:72,1
DA:73,1
DA:74,5
DA:75,5
DA:76,5
DA:77,1
DA:78,1
DA:79,4
DA:80,5
DA:81,6
DA:82,2
DA:83,2
DA:84,6
DA:85,2
DA:86,2
DA:87,2
DA:88,5
DA:89,4
DA:90,4
DA:91,4
DA:92,4
DA:93,2
DA:94,2
DA:95,1
DA:96,1
LF:96
LH:94
BRDA:7,0,0,2
BRDA:11,1,0,1
BRDA:39,2,0,6
BRDA:48,3,0,2
BRDA:48,4,0,4
BRDA:53,5,0,0
BRDA:74,6,0,5
BRDA:76,7,0,1
BRDA:78,8,0,4
BRDA:80,9,0,6
BRDA:81,10,0,5
BRDA:81,11,0,2
BRDA:84,12,0,2
BRDA:88,13,0,4
BRDA:92,14,0,2
BRF:15
BRH:14
end_of_record
