{"C:\\Users\\jonathas\\Documents\\webacademy\\WACAD016\\trabalhofinal\\backend\\src\\resources\\usuario\\usuario.service.ts": {"path":"C:\\Users\\jonathas\\Documents\\webacademy\\WACAD016\\trabalhofinal\\backend\\src\\resources\\usuario\\usuario.service.ts","statementMap":{"0":{"start":{"line":1,"column":0},"end":{"line":1,"column":30}},"1":{"start":{"line":2,"column":0},"end":{"line":2,"column":47}},"2":{"start":{"line":9,"column":30},"end":{"line":21,"column":2}},"3":{"start":{"line":9,"column":64},"end":{"line":21,"column":2}},"4":{"start":{"line":10,"column":19},"end":{"line":19,"column":4}},"5":{"start":{"line":20,"column":2},"end":{"line":20,"column":41}},"6":{"start":{"line":20,"column":29},"end":{"line":20,"column":39}},"7":{"start":{"line":9,"column":13},"end":{"line":9,"column":30}},"8":{"start":{"line":23,"column":29},"end":{"line":36,"column":2}},"9":{"start":{"line":25,"column":25},"end":{"line":36,"column":2}},"10":{"start":{"line":26,"column":17},"end":{"line":26,"column":51}},"11":{"start":{"line":27,"column":15},"end":{"line":27,"column":43}},"12":{"start":{"line":28,"column":15},"end":{"line":28,"column":53}},"13":{"start":{"line":29,"column":21},"end":{"line":31,"column":null}},"14":{"start":{"line":33,"column":29},"end":{"line":33,"column":48}},"15":{"start":{"line":34,"column":2},"end":{"line":34,"column":37}},"16":{"start":{"line":35,"column":2},"end":{"line":35,"column":28}},"17":{"start":{"line":23,"column":13},"end":{"line":23,"column":29}},"18":{"start":{"line":38,"column":29},"end":{"line":44,"column":2}},"19":{"start":{"line":41,"column":22},"end":{"line":44,"column":2}},"20":{"start":{"line":42,"column":25},"end":{"line":42,"column":73}},"21":{"start":{"line":43,"column":2},"end":{"line":43,"column":24}},"22":{"start":{"line":38,"column":13},"end":{"line":38,"column":29}},"23":{"start":{"line":46,"column":36},"end":{"line":60,"column":2}},"24":{"start":{"line":48,"column":32},"end":{"line":60,"column":2}},"25":{"start":{"line":49,"column":2},"end":{"line":59,"column":5}},"26":{"start":{"line":46,"column":13},"end":{"line":46,"column":36}},"27":{"start":{"line":62,"column":33},"end":{"line":76,"column":2}},"28":{"start":{"line":64,"column":32},"end":{"line":76,"column":2}},"29":{"start":{"line":65,"column":2},"end":{"line":75,"column":5}},"30":{"start":{"line":62,"column":13},"end":{"line":62,"column":33}},"31":{"start":{"line":78,"column":29},"end":{"line":80,"column":2}},"32":{"start":{"line":78,"column":67},"end":{"line":80,"column":2}},"33":{"start":{"line":79,"column":2},"end":{"line":79,"column":50}},"34":{"start":{"line":78,"column":13},"end":{"line":78,"column":29}}},"fnMap":{"0":{"name":"(anonymous_8)","decl":{"start":{"line":9,"column":30},"end":{"line":9,"column":62}},"loc":{"start":{"line":9,"column":64},"end":{"line":21,"column":2}}},"1":{"name":"(anonymous_9)","decl":{"start":{"line":9,"column":64},"end":{"line":9,"column":null}},"loc":{"start":{"line":9,"column":64},"end":{"line":21,"column":1}}},"2":{"name":"(anonymous_10)","decl":{"start":{"line":20,"column":22},"end":{"line":20,"column":23}},"loc":{"start":{"line":20,"column":29},"end":{"line":20,"column":39}}},"3":{"name":"(anonymous_11)","decl":{"start":{"line":23,"column":29},"end":{"line":23,"column":null}},"loc":{"start":{"line":25,"column":25},"end":{"line":36,"column":2}}},"4":{"name":"(anonymous_12)","decl":{"start":{"line":25,"column":25},"end":{"line":25,"column":null}},"loc":{"start":{"line":25,"column":25},"end":{"line":36,"column":1}}},"5":{"name":"(anonymous_13)","decl":{"start":{"line":38,"column":29},"end":{"line":38,"column":null}},"loc":{"start":{"line":41,"column":22},"end":{"line":44,"column":2}}},"6":{"name":"(anonymous_14)","decl":{"start":{"line":41,"column":22},"end":{"line":41,"column":null}},"loc":{"start":{"line":41,"column":22},"end":{"line":44,"column":1}}},"7":{"name":"(anonymous_15)","decl":{"start":{"line":46,"column":36},"end":{"line":46,"column":null}},"loc":{"start":{"line":48,"column":32},"end":{"line":60,"column":2}}},"8":{"name":"(anonymous_16)","decl":{"start":{"line":48,"column":32},"end":{"line":48,"column":null}},"loc":{"start":{"line":48,"column":32},"end":{"line":60,"column":1}}},"9":{"name":"(anonymous_17)","decl":{"start":{"line":62,"column":33},"end":{"line":62,"column":null}},"loc":{"start":{"line":64,"column":32},"end":{"line":76,"column":2}}},"10":{"name":"(anonymous_18)","decl":{"start":{"line":64,"column":32},"end":{"line":64,"column":null}},"loc":{"start":{"line":64,"column":32},"end":{"line":76,"column":1}}},"11":{"name":"(anonymous_19)","decl":{"start":{"line":78,"column":29},"end":{"line":78,"column":36}},"loc":{"start":{"line":78,"column":67},"end":{"line":80,"column":2}}},"12":{"name":"(anonymous_20)","decl":{"start":{"line":78,"column":67},"end":{"line":78,"column":null}},"loc":{"start":{"line":78,"column":67},"end":{"line":80,"column":1}}}},"branchMap":{},"s":{"0":2,"1":2,"2":2,"3":0,"4":0,"5":0,"6":0,"7":2,"8":2,"9":1,"10":1,"11":1,"12":1,"13":1,"14":1,"15":1,"16":1,"17":2,"18":2,"19":0,"20":0,"21":0,"22":2,"23":2,"24":1,"25":1,"26":2,"27":2,"28":0,"29":0,"30":2,"31":2,"32":0,"33":0,"34":2},"f":{"0":0,"1":0,"2":0,"3":1,"4":1,"5":0,"6":0,"7":1,"8":1,"9":0,"10":0,"11":0,"12":0},"b":{}}
}
