TN:
SF:src\resources\usuario\usuario.service.ts
FN:9,(anonymous_8)
FN:9,(anonymous_9)
FN:20,(anonymous_10)
FN:23,(anonymous_11)
FN:25,(anonymous_12)
FN:38,(anonymous_13)
FN:41,(anonymous_14)
FN:46,(anonymous_15)
FN:48,(anonymous_16)
FN:62,(anonymous_17)
FN:64,(anonymous_18)
FN:78,(anonymous_19)
FN:78,(anonymous_20)
FNF:13
FNH:4
FNDA:0,(anonymous_8)
FNDA:0,(anonymous_9)
FNDA:0,(anonymous_10)
FNDA:1,(anonymous_11)
FNDA:1,(anonymous_12)
FNDA:0,(anonymous_13)
FNDA:0,(anonymous_14)
FNDA:1,(anonymous_15)
FNDA:1,(anonymous_16)
FNDA:0,(anonymous_17)
FNDA:0,(anonymous_18)
FNDA:0,(anonymous_19)
FNDA:0,(anonymous_20)
DA:1,2
DA:2,2
DA:9,2
DA:10,0
DA:20,0
DA:23,2
DA:25,1
DA:26,1
DA:27,1
DA:28,1
DA:29,1
DA:33,1
DA:34,1
DA:35,1
DA:38,2
DA:41,0
DA:42,0
DA:43,0
DA:46,2
DA:48,1
DA:49,1
DA:62,2
DA:64,0
DA:65,0
DA:78,2
DA:79,0
LF:26
LH:18
BRF:0
BRH:0
end_of_record
